<?xml version="1.0" encoding="UTF-8"?>
<!-- Generated by org.testng.reporters.JUnitXMLReporter -->
<testsuite ignored="0" hostname="DESKTOP-93R9A69" failures="0" tests="6" name="Default test" time="14.473" errors="0" timestamp="2021-06-12T10:49:37 IST">
  <testcase classname="LoginTestSuite.TC_LOGIN_01" name="browserSetup" time="8.756"/>
  <testcase classname="LoginTestSuite.TC_LOGIN_01" name="openLoginUrl" time="4.366"/>
  <testcase classname="LoginTestSuite.TC_LOGIN_01" name="enterValidEmailAddress" time="0.106"/>
  <testcase classname="LoginTestSuite.TC_LOGIN_01" name="clickContinueButton" time="0.271"/>
  <testcase classname="LoginTestSuite.TC_LOGIN_01" name="enterValidPassword" time="0.575"/>
  <testcase classname="LoginTestSuite.TC_LOGIN_01" name="clickSignInButton" time="0.31"/>
</testsuite> <!-- Default test -->
